# JRE version: Java(TM) SE Runtime Environment (15.0.2+7) (build 15.0.2+7-27)
# Java VM: Java HotSpot(TM) 64-Bit Server VM (15.0.2+7-27, mixed mode, sharing, tiered, compressed oops, g1 gc, windows-amd64)
GC Precious Log:
 CPUs: 4 total, 4 available
 Memory: 8104M
 Large Page Support: Disabled
 NUMA Support: Disabled
 Compressed Oops: Enabled (32-bit)
 Heap Region Size: 1M
 Heap Min Capacity: 8M
 Heap Initial Capacity: 128M
 Heap Max Capacity: 2028M
 Pre-touch: Disabled
 Parallel Workers: 4
 Concurrent Workers: 1
 Concurrent Refinement Workers: 4
 Periodic GC: Disabled
Heap:
 garbage-first heap   total 73728K, used 39805K [0x0000000081400000, 0x0000000100000000)
  region size 1024K, 16 young (16384K), 4 survivors (4096K)
 Metaspace       used 62970K, capacity 63583K, committed 63772K, reserved 1103872K
  class space    used 8219K, capacity 8408K, committed 8476K, reserved 1048576K
GC Heap History (20 events):
Event: 9.177 GC heap before
{Heap before GC invocations=8 (full 0):
 garbage-first heap   total 45056K, used 31989K [0x0000000081400000, 0x0000000100000000)
  region size 1024K, 20 young (20480K), 3 survivors (3072K)
 Metaspace       used 29819K, capacity 30222K, committed 30336K, reserved 1075200K
  class space    used 3729K, capacity 3878K, committed 3968K, reserved 1048576K
}
Event: 9.191 GC heap after
{Heap after GC invocations=9 (full 0):
 garbage-first heap   total 61440K, used 16663K [0x0000000081400000, 0x0000000100000000)
  region size 1024K, 1 young (1024K), 1 survivors (1024K)
 Metaspace       used 29819K, capacity 30222K, committed 30336K, reserved 1075200K
  class space    used 3729K, capacity 3878K, committed 3968K, reserved 1048576K
}
Event: 9.215 GC heap before
{Heap before GC invocations=9 (full 0):
 garbage-first heap   total 61440K, used 46359K [0x0000000081400000, 0x0000000100000000)
  region size 1024K, 31 young (31744K), 1 survivors (1024K)
 Metaspace       used 29819K, capacity 30222K, committed 30336K, reserved 1075200K
  class space    used 3729K, capacity 3878K, committed 3968K, reserved 1048576K
}
Event: 9.220 GC heap after
{Heap after GC invocations=10 (full 0):
 garbage-first heap   total 61440K, used 16809K [0x0000000081400000, 0x0000000100000000)
  region size 1024K, 2 young (2048K), 2 survivors (2048K)
 Metaspace       used 29819K, capacity 30222K, committed 30336K, reserved 1075200K
  class space    used 3729K, capacity 3878K, committed 3968K, reserved 1048576K
}
Event: 10.493 GC heap before
{Heap before GC invocations=10 (full 0):
 garbage-first heap   total 61440K, used 47529K [0x0000000081400000, 0x0000000100000000)
  region size 1024K, 32 young (32768K), 2 survivors (2048K)
 Metaspace       used 34934K, capacity 35315K, committed 35456K, reserved 1079296K
  class space    used 4479K, capacity 4629K, committed 4736K, reserved 1048576K
}
Event: 10.504 GC heap after
{Heap after GC invocations=11 (full 0):
 garbage-first heap   total 61440K, used 18105K [0x0000000081400000, 0x0000000100000000)
  region size 1024K, 3 young (3072K), 3 survivors (3072K)
 Metaspace       used 34934K, capacity 35315K, committed 35456K, reserved 1079296K
  class space    used 4479K, capacity 4629K, committed 4736K, reserved 1048576K
}
Event: 10.630 GC heap before
{Heap before GC invocations=11 (full 0):
 garbage-first heap   total 61440K, used 20153K [0x0000000081400000, 0x0000000100000000)
  region size 1024K, 6 young (6144K), 3 survivors (3072K)
 Metaspace       used 35621K, capacity 35987K, committed 36048K, reserved 1081344K
  class space    used 4630K, capacity 4789K, committed 4816K, reserved 1048576K
}
Event: 10.639 GC heap after
{Heap after GC invocations=12 (full 0):
 garbage-first heap   total 61440K, used 18299K [0x0000000081400000, 0x0000000100000000)
  region size 1024K, 3 young (3072K), 3 survivors (3072K)
 Metaspace       used 35621K, capacity 35987K, committed 36048K, reserved 1081344K
  class space    used 4630K, capacity 4789K, committed 4816K, reserved 1048576K
}
Event: 12.032 GC heap before
{Heap before GC invocations=13 (full 0):
 garbage-first heap   total 61440K, used 49019K [0x0000000081400000, 0x0000000100000000)
  region size 1024K, 33 young (33792K), 3 survivors (3072K)
 Metaspace       used 43690K, capacity 44118K, committed 44316K, reserved 1087488K
  class space    used 5650K, capacity 5791K, committed 5916K, reserved 1048576K
}
Event: 12.050 GC heap after
{Heap after GC invocations=14 (full 0):
 garbage-first heap   total 61440K, used 21720K [0x0000000081400000, 0x0000000100000000)
  region size 1024K, 5 young (5120K), 5 survivors (5120K)
 Metaspace       used 43690K, capacity 44118K, committed 44316K, reserved 1087488K
  class space    used 5650K, capacity 5791K, committed 5916K, reserved 1048576K
}
Event: 12.846 GC heap before
{Heap before GC invocations=14 (full 0):
 garbage-first heap   total 61440K, used 46296K [0x0000000081400000, 0x0000000100000000)
  region size 1024K, 30 young (30720K), 5 survivors (5120K)
 Metaspace       used 48594K, capacity 49012K, committed 49180K, reserved 1091584K
  class space    used 6378K, capacity 6540K, committed 6684K, reserved 1048576K
}
Event: 12.861 GC heap after
{Heap after GC invocations=15 (full 0):
 garbage-first heap   total 61440K, used 22798K [0x0000000081400000, 0x0000000100000000)
  region size 1024K, 1 young (1024K), 1 survivors (1024K)
 Metaspace       used 48594K, capacity 49012K, committed 49180K, reserved 1091584K
  class space    used 6378K, capacity 6540K, committed 6684K, reserved 1048576K
}
Event: 14.001 GC heap before
{Heap before GC invocations=15 (full 0):
 garbage-first heap   total 61440K, used 47374K [0x0000000081400000, 0x0000000100000000)
  region size 1024K, 26 young (26624K), 1 survivors (1024K)
 Metaspace       used 51687K, capacity 52153K, committed 52380K, reserved 1095680K
  class space    used 6784K, capacity 6965K, committed 7068K, reserved 1048576K
}
Event: 14.013 GC heap after
{Heap after GC invocations=16 (full 0):
 garbage-first heap   total 73728K, used 24690K [0x0000000081400000, 0x0000000100000000)
  region size 1024K, 3 young (3072K), 3 survivors (3072K)
 Metaspace       used 51687K, capacity 52153K, committed 52380K, reserved 1095680K
  class space    used 6784K, capacity 6965K, committed 7068K, reserved 1048576K
}
Event: 15.011 GC heap before
{Heap before GC invocations=16 (full 0):
 garbage-first heap   total 73728K, used 58482K [0x0000000081400000, 0x0000000100000000)
  region size 1024K, 36 young (36864K), 3 survivors (3072K)
 Metaspace       used 55218K, capacity 55757K, committed 56092K, reserved 1097728K
  class space    used 7193K, capacity 7370K, committed 7452K, reserved 1048576K
}
Event: 15.019 GC heap after
{Heap after GC invocations=17 (full 0):
 garbage-first heap   total 73728K, used 26313K [0x0000000081400000, 0x0000000100000000)
  region size 1024K, 4 young (4096K), 4 survivors (4096K)
 Metaspace       used 55218K, capacity 55757K, committed 56092K, reserved 1097728K
  class space    used 7193K, capacity 7370K, committed 7452K, reserved 1048576K
}
Event: 16.077 GC heap before
{Heap before GC invocations=17 (full 0):
 garbage-first heap   total 73728K, used 58057K [0x0000000081400000, 0x0000000100000000)
  region size 1024K, 35 young (35840K), 4 survivors (4096K)
 Metaspace       used 58198K, capacity 58771K, committed 59164K, reserved 1099776K
  class space    used 7611K, capacity 7816K, committed 7964K, reserved 1048576K
}
Event: 16.092 GC heap after
{Heap after GC invocations=18 (full 0):
 garbage-first heap   total 73728K, used 28400K [0x0000000081400000, 0x0000000100000000)
  region size 1024K, 4 young (4096K), 4 survivors (4096K)
 Metaspace       used 58198K, capacity 58771K, committed 59164K, reserved 1099776K
  class space    used 7611K, capacity 7816K, committed 7964K, reserved 1048576K
}
Event: 26.387 GC heap before
{Heap before GC invocations=18 (full 0):
 garbage-first heap   total 73728K, used 45808K [0x0000000081400000, 0x0000000100000000)
  region size 1024K, 22 young (22528K), 4 survivors (4096K)
 Metaspace       used 59963K, capacity 60502K, committed 60572K, reserved 1101824K
  class space    used 7830K, capacity 8022K, committed 8092K, reserved 1048576K
}
Event: 26.396 GC heap after
{Heap after GC invocations=19 (full 0):
 garbage-first heap   total 73728K, used 29565K [0x0000000081400000, 0x0000000100000000)
  region size 1024K, 4 young (4096K), 4 survivors (4096K)
 Metaspace       used 59963K, capacity 60502K, committed 60572K, reserved 1101824K
  class space    used 7830K, capacity 8022K, committed 8092K, reserved 1048576K
}

